<?xml version="1.0" encoding="UTF-8"?>
<!-- Generated by org.testng.reporters.JUnitReportReporter -->
<testsuite hostname="DESKTOP-MR534F9" name="com.example.SeleniumTest" tests="1" failures="0" timestamp="13 Feb 2018 22:25:14 GMT" time="8.831" errors="0">
  <testcase name="RunApp" time="8.831" classname="com.example.SeleniumTest"/>
</testsuite> <!-- com.example.SeleniumTest -->
