<?xml version="1.0" encoding="UTF-8"?>
<!-- Generated by org.testng.reporters.JUnitReportReporter -->
<testsuite hostname="DESKTOP-MR534F9" name="com.example.BasicApplicationTests" tests="1" failures="0" timestamp="13 Feb 2018 22:25:30 GMT" time="1.244" errors="0">
  <testcase name="welcomTest" time="1.244" classname="com.example.BasicApplicationTests"/>
</testsuite> <!-- com.example.BasicApplicationTests -->
