<?xml version="1.0" encoding="UTF-8"?>
<!-- Generated by org.testng.reporters.JUnitReportReporter -->
<testsuite hostname="DESKTOP-MR534F9" name="com.example.BasicApplicationTests" tests="1" failures="0" timestamp="15 Dec 2017 17:01:42 GMT" time="0.132" errors="0">
  <testcase name="contextLoads" time="0.132" classname="com.example.BasicApplicationTests"/>
</testsuite> <!-- com.example.BasicApplicationTests -->
