<?xml version="1.0" encoding="UTF-8"?>
<!-- Generated by org.testng.reporters.JUnitReportReporter -->
<testsuite hostname="DESKTOP-MR534F9" name="com.example.BasicApplicationTests" tests="1" failures="0" timestamp="2 Feb 2018 19:35:33 GMT" time="0.113" errors="0">
  <testcase name="contextLoads" time="0.113" classname="com.example.BasicApplicationTests"/>
</testsuite> <!-- com.example.BasicApplicationTests -->
